0 verbose cli /usr/bin/node /usr/bin/npm
1 info using npm@9.2.0
2 info using node@v18.19.1
3 timing npm:load:whichnode Completed in 1ms
4 timing config:load:defaults Completed in 2ms
5 timing config:load:file:/usr/share/nodejs/npm/npmrc Completed in 4ms
6 timing config:load:builtin Completed in 4ms
7 timing config:load:cli Completed in 4ms
8 timing config:load:env Completed in 0ms
9 timing config:load:file:/home/ubuntu/NodeJS_WebApp_Public/.npmrc Completed in 0ms
10 timing config:load:project Completed in 2ms
11 timing config:load:file:/home/ubuntu/.npmrc Completed in 0ms
12 timing config:load:user Completed in 1ms
13 timing config:load:file:/etc/npmrc Completed in 0ms
14 timing config:load:global Completed in 1ms
15 timing config:load:setEnvs Completed in 1ms
16 timing config:load Completed in 15ms
17 timing npm:load:configload Completed in 15ms
18 timing npm:load:mkdirpcache Completed in 0ms
19 timing npm:load:mkdirplogs Completed in 0ms
20 verbose title npm uninstall mysql
21 verbose argv "uninstall" "mysql"
22 timing npm:load:setTitle Completed in 2ms
23 timing config:load:flatten Completed in 4ms
24 timing npm:load:display Completed in 5ms
25 verbose logfile logs-max:10 dir:/home/ubuntu/.npm/_logs/2025-01-22T10_05_37_612Z-
26 verbose logfile /home/ubuntu/.npm/_logs/2025-01-22T10_05_37_612Z-debug-0.log
27 timing npm:load:logFile Completed in 12ms
28 timing npm:load:timers Completed in 0ms
29 timing npm:load:configScope Completed in 0ms
30 timing npm:load Completed in 35ms
31 silly logfile done cleaning log files
32 timing config:load:flatten Completed in 1ms
33 timing arborist:ctor Completed in 1ms
34 timing idealTree:init Completed in 106ms
35 timing idealTree:userRequests Completed in 1ms
36 silly idealTree buildDeps
37 timing idealTree:#root Completed in 0ms
38 timing idealTree:buildDeps Completed in 1ms
39 timing idealTree:fixDepFlags Completed in 6ms
40 timing idealTree Completed in 118ms
41 timing arborist:ctor Completed in 1ms
42 timing reify:loadTrees Completed in 160ms
43 timing reify:diffTrees Completed in 4ms
44 silly reify mark retired [ '/home/ubuntu/NodeJS_WebApp_Public/node_modules/bignumber.js' ]
45 silly reify mark retired [ '/home/ubuntu/NodeJS_WebApp_Public/node_modules/core-util-is' ]
46 silly reify mark retired [ '/home/ubuntu/NodeJS_WebApp_Public/node_modules/isarray' ]
47 silly reify mark retired [ '/home/ubuntu/NodeJS_WebApp_Public/node_modules/mysql' ]
48 silly reify mark retired [
48 silly reify   '/home/ubuntu/NodeJS_WebApp_Public/node_modules/process-nextick-args'
48 silly reify ]
49 silly reify mark retired [ '/home/ubuntu/NodeJS_WebApp_Public/node_modules/readable-stream' ]
50 silly reify mark retired [ '/home/ubuntu/NodeJS_WebApp_Public/node_modules/sqlstring' ]
51 silly reify mark retired [ '/home/ubuntu/NodeJS_WebApp_Public/node_modules/string_decoder' ]
52 silly reify mark retired [ '/home/ubuntu/NodeJS_WebApp_Public/node_modules/util-deprecate' ]
53 silly reify moves {
53 silly reify   '/home/ubuntu/NodeJS_WebApp_Public/node_modules/bignumber.js': '/home/ubuntu/NodeJS_WebApp_Public/node_modules/.bignumber.js-HafcWR9E',
53 silly reify   '/home/ubuntu/NodeJS_WebApp_Public/node_modules/core-util-is': '/home/ubuntu/NodeJS_WebApp_Public/node_modules/.core-util-is-OMUNbxbU',
53 silly reify   '/home/ubuntu/NodeJS_WebApp_Public/node_modules/isarray': '/home/ubuntu/NodeJS_WebApp_Public/node_modules/.isarray-o3B27rpL',
53 silly reify   '/home/ubuntu/NodeJS_WebApp_Public/node_modules/mysql': '/home/ubuntu/NodeJS_WebApp_Public/node_modules/.mysql-1criGScr',
53 silly reify   '/home/ubuntu/NodeJS_WebApp_Public/node_modules/process-nextick-args': '/home/ubuntu/NodeJS_WebApp_Public/node_modules/.process-nextick-args-y4Latpuj',
53 silly reify   '/home/ubuntu/NodeJS_WebApp_Public/node_modules/readable-stream': '/home/ubuntu/NodeJS_WebApp_Public/node_modules/.readable-stream-21s3FlGW',
53 silly reify   '/home/ubuntu/NodeJS_WebApp_Public/node_modules/sqlstring': '/home/ubuntu/NodeJS_WebApp_Public/node_modules/.sqlstring-6fLdtwB3',
53 silly reify   '/home/ubuntu/NodeJS_WebApp_Public/node_modules/string_decoder': '/home/ubuntu/NodeJS_WebApp_Public/node_modules/.string_decoder-Y8RUjo85',
53 silly reify   '/home/ubuntu/NodeJS_WebApp_Public/node_modules/util-deprecate': '/home/ubuntu/NodeJS_WebApp_Public/node_modules/.util-deprecate-jihd3vfH'
53 silly reify }
54 timing reify:retireShallow Completed in 10ms
55 timing reify:createSparse Completed in 0ms
56 timing reify:loadBundles Completed in 0ms
57 silly audit bulk request {
57 silly audit   accepts: [ '1.3.8' ],
57 silly audit   'array-flatten': [ '1.1.1' ],
57 silly audit   'body-parser': [ '1.20.3' ],
57 silly audit   bytes: [ '3.1.2' ],
57 silly audit   'call-bind-apply-helpers': [ '1.0.1' ],
57 silly audit   'call-bound': [ '1.0.3' ],
57 silly audit   'content-disposition': [ '0.5.4' ],
57 silly audit   'content-type': [ '1.0.5' ],
57 silly audit   cookie: [ '0.7.1' ],
57 silly audit   'cookie-signature': [ '1.0.6' ],
57 silly audit   debug: [ '2.6.9' ],
57 silly audit   depd: [ '2.0.0' ],
57 silly audit   destroy: [ '1.2.0' ],
57 silly audit   'dunder-proto': [ '1.0.1' ],
57 silly audit   'ee-first': [ '1.1.1' ],
57 silly audit   encodeurl: [ '2.0.0', '1.0.2' ],
57 silly audit   'es-define-property': [ '1.0.1' ],
57 silly audit   'es-errors': [ '1.3.0' ],
57 silly audit   'es-object-atoms': [ '1.1.1' ],
57 silly audit   'escape-html': [ '1.0.3' ],
57 silly audit   etag: [ '1.8.1' ],
57 silly audit   express: [ '4.21.2' ],
57 silly audit   finalhandler: [ '1.3.1' ],
57 silly audit   forwarded: [ '0.2.0' ],
57 silly audit   fresh: [ '0.5.2' ],
57 silly audit   'function-bind': [ '1.1.2' ],
57 silly audit   'get-intrinsic': [ '1.2.7' ],
57 silly audit   'get-proto': [ '1.0.1' ],
57 silly audit   gopd: [ '1.2.0' ],
57 silly audit   'has-symbols': [ '1.1.0' ],
57 silly audit   hasown: [ '2.0.2' ],
57 silly audit   'http-errors': [ '2.0.0' ],
57 silly audit   'iconv-lite': [ '0.4.24' ],
57 silly audit   inherits: [ '2.0.4' ],
57 silly audit   'ipaddr.js': [ '1.9.1' ],
57 silly audit   'math-intrinsics': [ '1.1.0' ],
57 silly audit   'media-typer': [ '0.3.0' ],
57 silly audit   'merge-descriptors': [ '1.0.3' ],
57 silly audit   methods: [ '1.1.2' ],
57 silly audit   mime: [ '1.6.0' ],
57 silly audit   'mime-db': [ '1.52.0' ],
57 silly audit   'mime-types': [ '2.1.35' ],
57 silly audit   ms: [ '2.0.0', '2.1.3' ],
57 silly audit   'safe-buffer': [ '5.2.1' ],
57 silly audit   negotiator: [ '0.6.3' ],
57 silly audit   'object-inspect': [ '1.13.3' ],
57 silly audit   'on-finished': [ '2.4.1' ],
57 silly audit   parseurl: [ '1.3.3' ],
57 silly audit   'path-to-regexp': [ '0.1.12' ],
57 silly audit   'proxy-addr': [ '2.0.7' ],
57 silly audit   qs: [ '6.13.0' ],
57 silly audit   'range-parser': [ '1.2.1' ],
57 silly audit   'raw-body': [ '2.5.2' ],
57 silly audit   'safer-buffer': [ '2.1.2' ],
57 silly audit   send: [ '0.19.0' ],
57 silly audit   'serve-static': [ '1.16.2' ],
57 silly audit   setprototypeof: [ '1.2.0' ],
57 silly audit   'side-channel': [ '1.1.0' ],
57 silly audit   'side-channel-list': [ '1.0.0' ],
57 silly audit   'side-channel-map': [ '1.0.1' ],
57 silly audit   'side-channel-weakmap': [ '1.0.2' ],
57 silly audit   statuses: [ '2.0.1' ],
57 silly audit   toidentifier: [ '1.0.1' ],
57 silly audit   'type-is': [ '1.6.18' ],
57 silly audit   unpipe: [ '1.0.0' ],
57 silly audit   'utils-merge': [ '1.0.1' ],
57 silly audit   vary: [ '1.1.2' ]
57 silly audit }
58 timing reify:unpack Completed in 3ms
59 timing reify:unretire Completed in 1ms
60 timing build:queue Completed in 0ms
61 timing build:deps Completed in 1ms
62 timing build Completed in 1ms
63 timing reify:build Completed in 1ms
64 timing reify:trash Completed in 21ms
65 timing reify:save Completed in 22ms
66 http fetch POST 200 https://registry.npmjs.org/-/npm/v1/security/advisories/bulk 337ms
67 timing auditReport:getReport Completed in 341ms
68 silly audit report {}
69 timing auditReport:init Completed in 0ms
70 timing reify:audit Completed in 342ms
71 timing reify Completed in 523ms
72 silly REMOVE node_modules/util-deprecate
73 silly REMOVE node_modules/string_decoder
74 silly REMOVE node_modules/string_decoder/node_modules/safe-buffer
75 silly REMOVE node_modules/sqlstring
76 silly REMOVE node_modules/readable-stream
77 silly REMOVE node_modules/readable-stream/node_modules/safe-buffer
78 silly REMOVE node_modules/process-nextick-args
79 silly REMOVE node_modules/mysql
80 silly REMOVE node_modules/mysql/node_modules/safe-buffer
81 silly REMOVE node_modules/isarray
82 silly REMOVE node_modules/core-util-is
83 silly REMOVE node_modules/bignumber.js
84 timing command:uninstall Completed in 533ms
85 verbose exit 0
86 timing npm Completed in 586ms
87 info ok
