0 verbose cli /usr/bin/node /usr/bin/npm
1 info using npm@9.2.0
2 info using node@v18.19.1
3 timing npm:load:whichnode Completed in 1ms
4 timing config:load:defaults Completed in 2ms
5 timing config:load:file:/usr/share/nodejs/npm/npmrc Completed in 2ms
6 timing config:load:builtin Completed in 2ms
7 timing config:load:cli Completed in 2ms
8 timing config:load:env Completed in 0ms
9 timing config:load:file:/home/ubuntu/NodeJS_WebApp_Public/.npmrc Completed in 0ms
10 timing config:load:project Completed in 1ms
11 timing config:load:file:/home/ubuntu/.npmrc Completed in 0ms
12 timing config:load:user Completed in 1ms
13 timing config:load:file:/etc/npmrc Completed in 0ms
14 timing config:load:global Completed in 0ms
15 timing config:load:setEnvs Completed in 1ms
16 timing config:load Completed in 11ms
17 timing npm:load:configload Completed in 11ms
18 timing npm:load:mkdirpcache Completed in 0ms
19 timing npm:load:mkdirplogs Completed in 1ms
20 verbose title npm install mysql2
21 verbose argv "install" "mysql2"
22 timing npm:load:setTitle Completed in 1ms
23 timing config:load:flatten Completed in 5ms
24 timing npm:load:display Completed in 7ms
25 verbose logfile logs-max:10 dir:/home/ubuntu/.npm/_logs/2025-01-22T10_05_45_627Z-
26 verbose logfile /home/ubuntu/.npm/_logs/2025-01-22T10_05_45_627Z-debug-0.log
27 timing npm:load:logFile Completed in 9ms
28 timing npm:load:timers Completed in 0ms
29 timing npm:load:configScope Completed in 0ms
30 timing npm:load Completed in 31ms
31 silly logfile done cleaning log files
32 timing config:load:flatten Completed in 1ms
33 timing arborist:ctor Completed in 1ms
34 timing idealTree:init Completed in 84ms
35 timing idealTree:userRequests Completed in 2ms
36 silly idealTree buildDeps
37 silly fetch manifest mysql2@*
38 timing arborist:ctor Completed in 0ms
39 http fetch GET 200 https://registry.npmjs.org/mysql2 175ms (cache miss)
40 silly placeDep ROOT mysql2@3.12.0 OK for: basic-nodejs@1.0.0 want: *
41 silly fetch manifest aws-ssl-profiles@^1.1.1
42 silly fetch manifest denque@^2.1.0
43 silly fetch manifest generate-function@^2.3.1
44 silly fetch manifest iconv-lite@^0.6.3
45 silly fetch manifest long@^5.2.1
46 silly fetch manifest lru.min@^1.0.0
47 silly fetch manifest named-placeholders@^1.1.3
48 silly fetch manifest seq-queue@^0.0.5
49 silly fetch manifest sqlstring@^2.3.2
50 http fetch GET 200 https://registry.npmjs.org/aws-ssl-profiles 46ms (cache miss)
51 http fetch GET 200 https://registry.npmjs.org/seq-queue 122ms (cache miss)
52 http fetch GET 200 https://registry.npmjs.org/lru.min 124ms (cache miss)
53 http fetch GET 200 https://registry.npmjs.org/generate-function 127ms (cache miss)
54 http fetch GET 200 https://registry.npmjs.org/named-placeholders 125ms (cache miss)
55 http fetch GET 200 https://registry.npmjs.org/long 129ms (cache miss)
56 http fetch GET 200 https://registry.npmjs.org/denque 130ms (cache miss)
57 http fetch GET 200 https://registry.npmjs.org/iconv-lite 130ms (cache updated)
58 http fetch GET 200 https://registry.npmjs.org/sqlstring 128ms (cache updated)
59 timing idealTree:#root Completed in 323ms
60 silly placeDep ROOT aws-ssl-profiles@1.1.2 OK for: mysql2@3.12.0 want: ^1.1.1
61 silly placeDep ROOT denque@2.1.0 OK for: mysql2@3.12.0 want: ^2.1.0
62 silly placeDep ROOT generate-function@2.3.1 OK for: mysql2@3.12.0 want: ^2.3.1
63 silly placeDep node_modules/mysql2 iconv-lite@0.6.3 OK for: mysql2@3.12.0 want: ^0.6.3
64 silly placeDep ROOT long@5.2.4 OK for: mysql2@3.12.0 want: ^5.2.1
65 silly placeDep ROOT lru.min@1.1.1 OK for: mysql2@3.12.0 want: ^1.0.0
66 silly placeDep ROOT named-placeholders@1.1.3 OK for: mysql2@3.12.0 want: ^1.1.3
67 silly placeDep ROOT seq-queue@0.0.5 OK for: mysql2@3.12.0 want: ^0.0.5
68 silly placeDep ROOT sqlstring@2.3.3 OK for: mysql2@3.12.0 want: ^2.3.2
69 silly fetch manifest is-property@^1.0.2
70 silly fetch manifest lru-cache@^7.14.1
71 http fetch GET 200 https://registry.npmjs.org/is-property 31ms (cache miss)
72 http fetch GET 200 https://registry.npmjs.org/lru-cache 35ms (cache miss)
73 timing idealTree:node_modules/mysql2 Completed in 56ms
74 timing idealTree:node_modules/aws-ssl-profiles Completed in 0ms
75 timing idealTree:node_modules/denque Completed in 0ms
76 silly placeDep ROOT is-property@1.0.2 OK for: generate-function@2.3.1 want: ^1.0.2
77 timing idealTree:node_modules/generate-function Completed in 1ms
78 timing idealTree:node_modules/is-property Completed in 0ms
79 timing idealTree:node_modules/long Completed in 1ms
80 timing idealTree:node_modules/lru.min Completed in 0ms
81 silly placeDep ROOT lru-cache@7.18.3 OK for: named-placeholders@1.1.3 want: ^7.14.1
82 timing idealTree:node_modules/named-placeholders Completed in 1ms
83 timing idealTree:node_modules/lru-cache Completed in 1ms
84 timing idealTree:node_modules/seq-queue Completed in 0ms
85 timing idealTree:node_modules/sqlstring Completed in 0ms
86 timing idealTree:node_modules/mysql2/node_modules/iconv-lite Completed in 0ms
87 timing idealTree:buildDeps Completed in 385ms
88 timing idealTree:fixDepFlags Completed in 1ms
89 timing idealTree Completed in 474ms
90 timing reify:loadTrees Completed in 476ms
91 timing reify:diffTrees Completed in 4ms
92 silly reify moves {}
93 timing reify:retireShallow Completed in 2ms
94 timing reify:createSparse Completed in 7ms
95 timing reify:loadBundles Completed in 0ms
96 silly audit bulk request {
96 silly audit   accepts: [ '1.3.8' ],
96 silly audit   'array-flatten': [ '1.1.1' ],
96 silly audit   'body-parser': [ '1.20.3' ],
96 silly audit   bytes: [ '3.1.2' ],
96 silly audit   'call-bind-apply-helpers': [ '1.0.1' ],
96 silly audit   'call-bound': [ '1.0.3' ],
96 silly audit   'content-disposition': [ '0.5.4' ],
96 silly audit   'content-type': [ '1.0.5' ],
96 silly audit   cookie: [ '0.7.1' ],
96 silly audit   'cookie-signature': [ '1.0.6' ],
96 silly audit   debug: [ '2.6.9' ],
96 silly audit   depd: [ '2.0.0' ],
96 silly audit   destroy: [ '1.2.0' ],
96 silly audit   'dunder-proto': [ '1.0.1' ],
96 silly audit   'ee-first': [ '1.1.1' ],
96 silly audit   encodeurl: [ '2.0.0', '1.0.2' ],
96 silly audit   'es-define-property': [ '1.0.1' ],
96 silly audit   'es-errors': [ '1.3.0' ],
96 silly audit   'es-object-atoms': [ '1.1.1' ],
96 silly audit   'escape-html': [ '1.0.3' ],
96 silly audit   etag: [ '1.8.1' ],
96 silly audit   express: [ '4.21.2' ],
96 silly audit   finalhandler: [ '1.3.1' ],
96 silly audit   forwarded: [ '0.2.0' ],
96 silly audit   fresh: [ '0.5.2' ],
96 silly audit   'function-bind': [ '1.1.2' ],
96 silly audit   'get-intrinsic': [ '1.2.7' ],
96 silly audit   'get-proto': [ '1.0.1' ],
96 silly audit   gopd: [ '1.2.0' ],
96 silly audit   'has-symbols': [ '1.1.0' ],
96 silly audit   hasown: [ '2.0.2' ],
96 silly audit   'http-errors': [ '2.0.0' ],
96 silly audit   'iconv-lite': [ '0.4.24', '0.6.3' ],
96 silly audit   inherits: [ '2.0.4' ],
96 silly audit   'ipaddr.js': [ '1.9.1' ],
96 silly audit   'math-intrinsics': [ '1.1.0' ],
96 silly audit   'media-typer': [ '0.3.0' ],
96 silly audit   'merge-descriptors': [ '1.0.3' ],
96 silly audit   methods: [ '1.1.2' ],
96 silly audit   mime: [ '1.6.0' ],
96 silly audit   'mime-db': [ '1.52.0' ],
96 silly audit   'mime-types': [ '2.1.35' ],
96 silly audit   ms: [ '2.0.0', '2.1.3' ],
96 silly audit   negotiator: [ '0.6.3' ],
96 silly audit   'object-inspect': [ '1.13.3' ],
96 silly audit   'on-finished': [ '2.4.1' ],
96 silly audit   parseurl: [ '1.3.3' ],
96 silly audit   'path-to-regexp': [ '0.1.12' ],
96 silly audit   'proxy-addr': [ '2.0.7' ],
96 silly audit   qs: [ '6.13.0' ],
96 silly audit   'range-parser': [ '1.2.1' ],
96 silly audit   'raw-body': [ '2.5.2' ],
96 silly audit   'safe-buffer': [ '5.2.1' ],
96 silly audit   'safer-buffer': [ '2.1.2' ],
96 silly audit   send: [ '0.19.0' ],
96 silly audit   'serve-static': [ '1.16.2' ],
96 silly audit   setprototypeof: [ '1.2.0' ],
96 silly audit   'side-channel': [ '1.1.0' ],
96 silly audit   'side-channel-list': [ '1.0.0' ],
96 silly audit   'side-channel-map': [ '1.0.1' ],
96 silly audit   'side-channel-weakmap': [ '1.0.2' ],
96 silly audit   statuses: [ '2.0.1' ],
96 silly audit   toidentifier: [ '1.0.1' ],
96 silly audit   'type-is': [ '1.6.18' ],
96 silly audit   unpipe: [ '1.0.0' ],
96 silly audit   'utils-merge': [ '1.0.1' ],
96 silly audit   vary: [ '1.1.2' ],
96 silly audit   mysql2: [ '3.12.0' ],
96 silly audit   'aws-ssl-profiles': [ '1.1.2' ],
96 silly audit   denque: [ '2.1.0' ],
96 silly audit   'generate-function': [ '2.3.1' ],
96 silly audit   long: [ '5.2.4' ],
96 silly audit   'lru.min': [ '1.1.1' ],
96 silly audit   'named-placeholders': [ '1.1.3' ],
96 silly audit   'seq-queue': [ '0.0.5' ],
96 silly audit   sqlstring: [ '2.3.3' ],
96 silly audit   'is-property': [ '1.0.2' ],
96 silly audit   'lru-cache': [ '7.18.3' ]
96 silly audit }
97 silly tarball no local data for lru-cache@https://registry.npmjs.org/lru-cache/-/lru-cache-7.18.3.tgz. Extracting by manifest.
98 silly tarball no local data for is-property@https://registry.npmjs.org/is-property/-/is-property-1.0.2.tgz. Extracting by manifest.
99 silly tarball no local data for sqlstring@https://registry.npmjs.org/sqlstring/-/sqlstring-2.3.3.tgz. Extracting by manifest.
100 silly tarball no local data for seq-queue@https://registry.npmjs.org/seq-queue/-/seq-queue-0.0.5.tgz. Extracting by manifest.
101 silly tarball no local data for named-placeholders@https://registry.npmjs.org/named-placeholders/-/named-placeholders-1.1.3.tgz. Extracting by manifest.
102 silly tarball no local data for lru.min@https://registry.npmjs.org/lru.min/-/lru.min-1.1.1.tgz. Extracting by manifest.
103 silly tarball no local data for long@https://registry.npmjs.org/long/-/long-5.2.4.tgz. Extracting by manifest.
104 silly tarball no local data for generate-function@https://registry.npmjs.org/generate-function/-/generate-function-2.3.1.tgz. Extracting by manifest.
105 silly tarball no local data for aws-ssl-profiles@https://registry.npmjs.org/aws-ssl-profiles/-/aws-ssl-profiles-1.1.2.tgz. Extracting by manifest.
106 silly tarball no local data for denque@https://registry.npmjs.org/denque/-/denque-2.1.0.tgz. Extracting by manifest.
107 silly tarball no local data for mysql2@https://registry.npmjs.org/mysql2/-/mysql2-3.12.0.tgz. Extracting by manifest.
108 silly tarball no local data for iconv-lite@https://registry.npmjs.org/iconv-lite/-/iconv-lite-0.6.3.tgz. Extracting by manifest.
109 http fetch GET 200 https://registry.npmjs.org/named-placeholders/-/named-placeholders-1.1.3.tgz 164ms (cache miss)
110 timing reifyNode:node_modules/named-placeholders Completed in 184ms
111 http fetch GET 200 https://registry.npmjs.org/is-property/-/is-property-1.0.2.tgz 175ms (cache miss)
112 timing reifyNode:node_modules/is-property Completed in 194ms
113 http fetch GET 200 https://registry.npmjs.org/generate-function/-/generate-function-2.3.1.tgz 171ms (cache miss)
114 timing reifyNode:node_modules/generate-function Completed in 196ms
115 http fetch GET 200 https://registry.npmjs.org/lru.min/-/lru.min-1.1.1.tgz 182ms (cache miss)
116 timing reifyNode:node_modules/lru.min Completed in 203ms
117 http fetch GET 200 https://registry.npmjs.org/sqlstring/-/sqlstring-2.3.3.tgz 184ms (cache miss)
118 timing reifyNode:node_modules/sqlstring Completed in 204ms
119 http fetch GET 200 https://registry.npmjs.org/seq-queue/-/seq-queue-0.0.5.tgz 187ms (cache miss)
120 timing reifyNode:node_modules/seq-queue Completed in 207ms
121 http fetch GET 200 https://registry.npmjs.org/denque/-/denque-2.1.0.tgz 180ms (cache miss)
122 timing reifyNode:node_modules/denque Completed in 207ms
123 http fetch GET 200 https://registry.npmjs.org/long/-/long-5.2.4.tgz 190ms (cache miss)
124 timing reifyNode:node_modules/long Completed in 214ms
125 http fetch GET 200 https://registry.npmjs.org/lru-cache/-/lru-cache-7.18.3.tgz 206ms (cache miss)
126 timing reifyNode:node_modules/lru-cache Completed in 223ms
127 http fetch GET 200 https://registry.npmjs.org/aws-ssl-profiles/-/aws-ssl-profiles-1.1.2.tgz 215ms (cache miss)
128 timing reifyNode:node_modules/aws-ssl-profiles Completed in 242ms
129 http fetch POST 200 https://registry.npmjs.org/-/npm/v1/security/advisories/bulk 254ms
130 timing auditReport:getReport Completed in 259ms
131 silly audit report {}
132 timing auditReport:init Completed in 0ms
133 timing reify:audit Completed in 261ms
134 http fetch GET 200 https://registry.npmjs.org/iconv-lite/-/iconv-lite-0.6.3.tgz 288ms (cache miss)
135 timing reifyNode:node_modules/mysql2/node_modules/iconv-lite Completed in 319ms
136 http fetch GET 200 https://registry.npmjs.org/mysql2/-/mysql2-3.12.0.tgz 320ms (cache miss)
137 timing reifyNode:node_modules/mysql2 Completed in 347ms
138 timing reify:unpack Completed in 349ms
139 timing reify:unretire Completed in 1ms
140 timing build:queue Completed in 1ms
141 timing build:deps Completed in 2ms
142 timing build Completed in 2ms
143 timing reify:build Completed in 2ms
144 timing reify:trash Completed in 0ms
145 timing reify:save Completed in 27ms
146 timing reify Completed in 893ms
147 silly ADD node_modules/lru-cache
148 silly ADD node_modules/is-property
149 silly ADD node_modules/sqlstring
150 silly ADD node_modules/seq-queue
151 silly ADD node_modules/named-placeholders
152 silly ADD node_modules/lru.min
153 silly ADD node_modules/long
154 silly ADD node_modules/generate-function
155 silly ADD node_modules/denque
156 silly ADD node_modules/aws-ssl-profiles
157 silly ADD node_modules/mysql2
158 silly ADD node_modules/mysql2/node_modules/iconv-lite
159 timing command:install Completed in 904ms
160 verbose exit 0
161 timing npm Completed in 953ms
162 info ok
